{
  "RSpec": {
    "coverage": {
      "/Users/emilyport/Desktop/Turing/mod_3/projects/viewing_party_lite/app/helpers/application_helper.rb": {
        "lines": [
          1,
          null
        ]
      },
      "/Users/emilyport/Desktop/Turing/mod_3/projects/viewing_party_lite/app/models/user.rb": {
        "lines": [
          1,
          1,
          1,
          1,
          1,
          1,
          1,
          1,
          null,
          1,
          6,
          null,
          null
        ]
      },
      "/Users/emilyport/Desktop/Turing/mod_3/projects/viewing_party_lite/app/models/application_record.rb": {
        "lines": [
          1,
          1,
          null
        ]
      },
      "/Users/emilyport/Desktop/Turing/mod_3/projects/viewing_party_lite/app/models/user_viewing_party.rb": {
        "lines": [
          1,
          1,
          1,
          null
        ]
      },
      "/Users/emilyport/Desktop/Turing/mod_3/projects/viewing_party_lite/app/models/viewing_party.rb": {
        "lines": [
          1,
          1,
          1,
          null,
          1,
          null,
          null,
          null,
          null
        ]
      },
      "/Users/emilyport/Desktop/Turing/mod_3/projects/viewing_party_lite/app/poros/movie_cast.rb": {
        "lines": [
          1,
          1,
          null,
          null,
          1,
          null,
          59,
          59,
          null,
          null
        ]
      },
      "/Users/emilyport/Desktop/Turing/mod_3/projects/viewing_party_lite/app/poros/movie_result.rb": {
        "lines": [
          1,
          1,
          null,
          1,
          65,
          65,
          65,
          65,
          65,
          65,
          65,
          null,
          null
        ]
      },
      "/Users/emilyport/Desktop/Turing/mod_3/projects/viewing_party_lite/app/poros/movie_review.rb": {
        "lines": [
          1,
          1,
          null,
          null,
          1,
          null,
          3,
          3,
          null,
          null
        ]
      },
      "/Users/emilyport/Desktop/Turing/mod_3/projects/viewing_party_lite/app/controllers/discover_controller.rb": {
        "lines": [
          1,
          1,
          6,
          null,
          null
        ]
      },
      "/Users/emilyport/Desktop/Turing/mod_3/projects/viewing_party_lite/app/controllers/application_controller.rb": {
        "lines": [
          1,
          null
        ]
      },
      "/Users/emilyport/Desktop/Turing/mod_3/projects/viewing_party_lite/app/controllers/movies_controller.rb": {
        "lines": [
          1,
          1,
          4,
          null,
          4,
          2,
          2,
          1,
          null,
          1,
          1,
          null,
          null,
          null,
          1,
          1,
          1,
          1,
          1,
          null,
          null
        ]
      },
      "/Users/emilyport/Desktop/Turing/mod_3/projects/viewing_party_lite/app/facades/movie_facade.rb": {
        "lines": [
          1,
          null,
          1,
          3,
          3,
          null,
          null,
          1,
          1,
          2,
          null,
          null,
          null,
          1,
          1,
          58,
          null,
          null,
          null,
          1,
          2,
          40,
          null,
          null,
          null,
          1,
          1,
          20,
          null,
          null,
          null
        ]
      },
      "/Users/emilyport/Desktop/Turing/mod_3/projects/viewing_party_lite/app/services/movie_service.rb": {
        "lines": [
          1,
          1,
          8,
          8,
          null,
          null,
          null,
          1,
          8,
          null,
          null,
          1,
          3,
          null,
          null,
          1,
          2,
          null,
          null,
          1,
          1,
          null,
          null,
          1,
          1,
          null,
          null,
          1,
          1,
          null,
          null
        ]
      },
      "/Users/emilyport/Desktop/Turing/mod_3/projects/viewing_party_lite/app/controllers/welcome_controller.rb": {
        "lines": [
          1,
          1,
          5,
          null,
          null
        ]
      },
      "/Users/emilyport/Desktop/Turing/mod_3/projects/viewing_party_lite/app/controllers/users_controller.rb": {
        "lines": [
          1,
          null,
          1,
          6,
          6,
          null,
          null,
          1,
          null,
          null,
          1,
          5,
          5,
          3,
          3,
          3,
          null,
          2,
          2,
          null,
          null,
          null,
          1,
          2,
          2,
          1,
          1,
          1,
          null,
          1,
          1,
          null,
          null,
          null,
          null,
          1,
          null,
          1,
          5,
          null,
          null
        ]
      },
      "/Users/emilyport/Desktop/Turing/mod_3/projects/viewing_party_lite/app/controllers/viewing_parties_controller.rb": {
        "lines": [
          1,
          1,
          1,
          1,
          1,
          null,
          null,
          1,
          1,
          1,
          1,
          null,
          1,
          1,
          1,
          1,
          null,
          1,
          2,
          null,
          null,
          null,
          null,
          null,
          null,
          1,
          null,
          null,
          1,
          null,
          1,
          1,
          null,
          null
        ]
      }
    },
    "timestamp": 1670872700
  }
}
